{
  "stats": {
    "suites": 1,
    "tests": 2,
    "passes": 2,
    "pending": 0,
    "failures": 0,
    "start": "2019-12-06T02:03:39.272Z",
    "end": "2019-12-06T02:04:58.944Z",
    "duration": 79672,
    "testsRegistered": 2,
    "passPercent": 100,
    "pendingPercent": 0,
    "other": 0,
    "hasOther": false,
    "skipped": 0,
    "hasSkipped": false,
    "passPercentClass": "success",
    "pendingPercentClass": "danger"
  },
  "suites": {
    "uuid": "8e2d64fe-6f1d-45f6-9865-c38e8916b09a",
    "title": "",
    "fullFile": "",
    "file": "",
    "beforeHooks": [],
    "afterHooks": [],
    "tests": [],
    "suites": [
      {
        "uuid": "f9dc0263-84e3-4855-992e-425688243ff6",
        "title": "OrangeHRM login automated testing",
        "fullFile": "G:\\Semester 5\\Pengujian Perangkat Lunak\\selenium-kuis\\test\\orangehrm.test.js",
        "file": "\\test\\orangehrm.test.js",
        "beforeHooks": [
          {
            "title": "\"before each\" hook",
            "fullTitle": "OrangeHRM login automated testing \"before each\" hook",
            "timedOut": false,
            "duration": 19604,
            "pass": false,
            "fail": false,
            "pending": false,
            "code": "orange = new orangehrm();\ndriver = orange.driver;\nawait orange.visit(\n  \"https://s2.demo.opensourcecms.com/orangehrm/symfony/web/index.php/auth/login\"\n);",
            "err": {},
            "isRoot": false,
            "uuid": "c8675148-408a-44ff-94f9-75bcae135c4e",
            "isHook": true,
            "skipped": false
          }
        ],
        "afterHooks": [
          {
            "title": "\"after each\" hook",
            "fullTitle": "OrangeHRM login automated testing \"after each\" hook",
            "timedOut": false,
            "duration": 2176,
            "pass": false,
            "fail": false,
            "pending": false,
            "code": "await orange.quit();",
            "err": {},
            "isRoot": false,
            "uuid": "9e3de572-cfcf-46a8-a8e2-b8b881bb2001",
            "isHook": true,
            "skipped": false
          }
        ],
        "tests": [
          {
            "title": "find the input box and login button",
            "fullTitle": "OrangeHRM login automated testing find the input box and login button",
            "timedOut": false,
            "duration": 254,
            "state": "passed",
            "speed": "slow",
            "pass": true,
            "fail": false,
            "pending": false,
            "code": "const result = await orange.findInputAndButton();\nexpect(result.usernameEnabled).to.equal(true);\nexpect(result.passwordEnabled).to.equal(true);\nexpect(result.buttonText).to.include(\"LOGIN\");",
            "err": {},
            "isRoot": false,
            "uuid": "7c3cebe1-e6ae-49e4-a20c-cf7bd8af8237",
            "isHook": false,
            "skipped": false
          },
          {
            "title": "put keyword in form and click login and check if Welcome Admin exist",
            "fullTitle": "OrangeHRM login automated testing put keyword in form and click login and check if Welcome Admin exist",
            "timedOut": false,
            "duration": 9999,
            "state": "passed",
            "speed": "slow",
            "pass": true,
            "fail": false,
            "pending": false,
            "code": "const result = await orange.submitKeywordAndGetResult();\nexpect(result).to.include(\"Welcome Admin\");",
            "err": {},
            "isRoot": false,
            "uuid": "4bb88fc5-92f5-49f7-a3c3-67695786efb3",
            "isHook": false,
            "skipped": false
          }
        ],
        "suites": [],
        "passes": [
          "7c3cebe1-e6ae-49e4-a20c-cf7bd8af8237",
          "4bb88fc5-92f5-49f7-a3c3-67695786efb3"
        ],
        "failures": [],
        "pending": [],
        "skipped": [],
        "duration": 10253,
        "root": false,
        "rootEmpty": false,
        "_timeout": 50000
      }
    ],
    "passes": [],
    "failures": [],
    "pending": [],
    "skipped": [],
    "duration": 0,
    "root": true,
    "rootEmpty": true,
    "_timeout": 2000
  },
  "copyrightYear": 2019
}